#
# A fatal error has been detected by the Java Runtime Environment:
#
#  SIGBUS (0x7) at pc=0x00007f39b048034d, pid=9403, tid=0x00007f397d395700
#
# JRE version: OpenJDK Runtime Environment (8.0_222-b10) (build 1.8.0_222-b10)
# Java VM: OpenJDK 64-Bit Server VM (25.222-b10 mixed mode linux-amd64 compressed oops)
# Problematic frame:
# C  [libzip.so+0x1234d]  newEntry.isra.4+0x7d
#
# Failed to write core dump. Core dumps have been disabled. To enable core dumping, try "ulimit -c unlimited" before starting Java again
#
# If you would like to submit a bug report, please visit:
#   http://bugreport.java.com/bugreport/crash.jsp
# The crash happened outside the Java Virtual Machine in native code.
# See problematic frame for where to report the bug.
#

---------------  T H R E A D  ---------------

Current thread (0x00007f39ad197000):  JavaThread "payara-executor-service-scheduled-task" [_thread_in_native, id=9452, stack(0x00007f397d295000,0x00007f397d396000)]

siginfo: si_signo: 7 (SIGBUS), si_code: 2 (BUS_ADRERR), si_addr: 0x00007f397e435f2c

Registers:
RAX=0x00007f38dc2f4560, RBX=0x00007f38dc0cc610, RCX=0x00007f38dc0008d0, RDX=0x00007f38dc2f4560
RSP=0x00007f397d38f720, RBP=0x00007f397d38f780, RSI=0x00007f38dc0008e8, RDI=0x00007f38dc2f2370
R8 =0x00007f397d38f7f0, R9 =0x00000000b29b6213, R10=0x00007f399d1e2b18, R11=0x000000078854c9d0
R12=0x00007f38dc0fe928, R13=0x00007f397e435f0f, R14=0x00007f38dc2f4560, R15=0x00007f38dc0cc610
RIP=0x00007f39b048034d, EFLAGS=0x0000000000010206, CSGSFS=0x002b000000000033, ERR=0x0000000000000004
  TRAPNO=0x000000000000000e

Top of Stack: (sp=0x00007f397d38f720)
0x00007f397d38f720:   00007f39ad197000 00007f397d38f760
0x00007f397d38f730:   00007f397d38f7c0 000000007d38f790
0x00007f397d38f740:   000000077e1850e0 00007f39b20cce0e
0x00007f397d38f750:   000000000000003b 00007f38dc0fe920
0x00007f397d38f760:   00000000b29b6213 00007f397d38f82a
0x00007f397d38f770:   00007f38dc2f3440 00007f38dc0cc610
0x00007f397d38f780:   00007f397d38f7d0 00007f39b0481174
0x00007f397d38f790:   00007f397d38f7f0 0000003b01226c8c
0x00007f397d38f7a0:   00007f399e226210 000000000000003b
0x00007f397d38f7b0:   00007f39ad1971e0 00007f397d38fc48
0x00007f397d38f7c0:   00007f397d38fc70 0000000000000001
0x00007f397d38f7d0:   00007f397d38fc30 00007f39b0471bdd
0x00007f397d38f7e0:   00007f397d38f7f0 00007f38dc0cc610
0x00007f397d38f7f0:   6d6972702f67726f 632f736563616665
0x00007f397d38f800:   746e656e6f706d6f 722f74726168632f
0x00007f397d38f810:   2f72657265646e65 6e655274756e6f44
0x00007f397d38f820:   6c632e7265726564 00007f0000737361
0x00007f397d38f830:   00007f38dc0cc610 00007f39b2256d3b
0x00007f397d38f840:   00007f397d38f890 00007f39b1b7df36
0x00007f397d38f850:   00007f39ad197000 0000000000000000
0x00007f397d38f860:   00007f3900000000 00007f397d3906d0
0x00007f397d38f870:   00007f39ad197000 00007f39ad197a30
0x00007f397d38f880:   000000000000056c 00007f397d3906d0
0x00007f397d38f890:   00007f397d38f8d0 00007f39b1f22078
0x00007f397d38f8a0:   0000000000000000 0000000000000000
0x00007f397d38f8b0:   00007f39ad197000 00007f397d38f900
0x00007f397d38f8c0:   0000000000000000 000000078854bb40
0x00007f397d38f8d0:   00007f397d38f8f0 00007f39b0ee0e31
0x00007f397d38f8e0:   000000078854b570 00007f399ab50588
0x00007f397d38f8f0:   00007f397d38f940 00007f399d1ff1e8
0x00007f397d38f900:   000000078854b528 00000000c000d778
0x00007f397d38f910:   000000078854b570 000000078854b640 

Instructions: (pc=0x00007f39b048034d)
0x00007f39b048032d:   73 48 48 8b 7b 10 b9 a0 00 00 00 49 8b 14 24 e8
0x00007f39b048033d:   8f fe ff ff 49 89 c5 4d 85 ed 0f 84 e3 04 00 00
0x00007f39b048034d:   45 0f b6 55 1d 41 0f b6 45 1c 45 31 e4 41 0f b6
0x00007f39b048035d:   55 0d 41 0f b6 75 0e 45 0f b6 7d 1f 41 c1 e2 08 

Register to memory mapping:

RAX=0x00007f38dc2f4560 is an unknown value
RBX=0x00007f38dc0cc610 is an unknown value
RCX=0x00007f38dc0008d0 is an unknown value
RDX=0x00007f38dc2f4560 is an unknown value
RSP=0x00007f397d38f720 is pointing into the stack for thread: 0x00007f39ad197000
RBP=0x00007f397d38f780 is pointing into the stack for thread: 0x00007f39ad197000
RSI=0x00007f38dc0008e8 is an unknown value
RDI=0x00007f38dc2f2370 is an unknown value
R8 =0x00007f397d38f7f0 is pointing into the stack for thread: 0x00007f39ad197000
R9 =0x00000000b29b6213 is an unknown value
R10=0x00007f399d1e2b18 is at entry_point+88 in (nmethod*)0x00007f399d1e2950
R11=0x000000078854c9d0 is an oop
